{
  message: '==== express server is up on port 3000',
  level: 'info',
  timestamp: '2024-04-11T19:11:14.164Z'
}
{
  message: '==== express server is up on port 3000',
  level: 'info',
  timestamp: '2024-04-11T19:11:16.232Z'
}
{
  message: '==== express server is up on port 3000',
  level: 'info',
  timestamp: '2024-04-11T19:11:27.035Z'
}
{
  message: '==== express server is up on port 3000',
  level: 'info',
  timestamp: '2024-04-11T19:12:47.426Z'
}
{
  message: '==== express server is up on port 3000',
  level: 'info',
  timestamp: '2024-04-11T19:13:19.747Z'
}
{
  message: '==== express server is up on port 3000',
  level: 'info',
  timestamp: '2024-04-11T19:13:42.907Z'
}
{
  message: '==== express server is up on port 3000',
  level: 'info',
  timestamp: '2024-04-11T19:15:03.885Z'
}
{
  message: '==== express server is up on port 3000',
  level: 'info',
  timestamp: '2024-04-11T19:15:17.380Z'
}
{
  message: '==== express server is up on port 3000',
  level: 'info',
  timestamp: '2024-04-11T19:15:18.535Z'
}
{
  message: '==== express server is up on port 3000',
  level: 'info',
  timestamp: '2024-04-11T19:15:21.460Z'
}
{
  message: '==== express server is up on port 3000',
  level: 'info',
  timestamp: '2024-04-11T19:15:22.537Z'
}
{
  message: '==== express server is up on port 3000',
  level: 'info',
  timestamp: '2024-04-11T19:15:26.892Z'
}
{
  message: '==== express server is up on port 3000',
  level: 'info',
  timestamp: '2024-04-11T19:15:51.213Z'
}
{
  message: '==== express server is up on port 3000',
  level: 'info',
  timestamp: '2025-05-07T07:49:07.805Z'
}
